--ascii is deprecated. Use LANG/LC_* variables to control encoding, and TERM/--color to control colors.
[----] Criterion v2.4.2 (bleeding)
[====] Running 27 tests from sf_memsuite_grading:
[RUN ] sf_memsuite_grading::free_block_too_small
ERROR: invalid free
[PASS] sf_memsuite_grading::free_block_too_small: (0.00s)
[RUN ] sf_memsuite_grading::free_null
ERROR: invalid free
[PASS] sf_memsuite_grading::free_null: (0.00s)
[RUN ] sf_memsuite_grading::free_prev_alloc
ERROR: invalid free
[PASS] sf_memsuite_grading::free_prev_alloc: (0.00s)
[RUN ] sf_memsuite_grading::free_unallocated
ERROR: invalid free
[PASS] sf_memsuite_grading::free_unallocated: (0.00s)
[RUN ] sf_memsuite_grading::initialization
[PASS] sf_memsuite_grading::initialization: (0.00s)
[RUN ] sf_memsuite_grading::malloc_free_coalesce_both
[PASS] sf_memsuite_grading::malloc_free_coalesce_both: (0.00s)
[RUN ] sf_memsuite_grading::malloc_free_coalesce_lower
[PASS] sf_memsuite_grading::malloc_free_coalesce_lower: (0.00s)
[RUN ] sf_memsuite_grading::malloc_free_coalesce_upper
[PASS] sf_memsuite_grading::malloc_free_coalesce_upper: (0.00s)
[RUN ] sf_memsuite_grading::malloc_free_first_block
[PASS] sf_memsuite_grading::malloc_free_first_block: (0.00s)
[RUN ] sf_memsuite_grading::malloc_free_last_block
[PASS] sf_memsuite_grading::malloc_free_last_block: (0.00s)
[RUN ] sf_memsuite_grading::malloc_free_lifo
[PASS] sf_memsuite_grading::malloc_free_lifo: (0.00s)
[RUN ] sf_memsuite_grading::malloc_free_no_coalesce
[PASS] sf_memsuite_grading::malloc_free_no_coalesce: (0.00s)
[RUN ] sf_memsuite_grading::malloc_to_exhaustion
ERROR: Could not allocate new block.
[PASS] sf_memsuite_grading::malloc_to_exhaustion: (0.01s)
[RUN ] sf_memsuite_grading::malloc_with_splinter
[PASS] sf_memsuite_grading::malloc_with_splinter: (0.00s)
[RUN ] sf_memsuite_grading::realloc_larger
[PASS] sf_memsuite_grading::realloc_larger: (0.00s)
[RUN ] sf_memsuite_grading::realloc_same
[PASS] sf_memsuite_grading::realloc_same: (0.00s)
[RUN ] sf_memsuite_grading::realloc_size_0
[PASS] sf_memsuite_grading::realloc_size_0: (0.00s)
[RUN ] sf_memsuite_grading::realloc_smaller
[PASS] sf_memsuite_grading::realloc_smaller: (0.00s)
[RUN ] sf_memsuite_grading::realloc_splinter
[PASS] sf_memsuite_grading::realloc_splinter: (0.00s)
[RUN ] sf_memsuite_grading::single_malloc_1
[PASS] sf_memsuite_grading::single_malloc_1: (0.00s)
[RUN ] sf_memsuite_grading::single_malloc_16
[PASS] sf_memsuite_grading::single_malloc_16: (0.00s)
[RUN ] sf_memsuite_grading::single_malloc_32
[PASS] sf_memsuite_grading::single_malloc_32: (0.00s)
[RUN ] sf_memsuite_grading::single_malloc_exactly_one_page_needed
[PASS] sf_memsuite_grading::single_malloc_exactly_one_page_needed: (0.00s)
[RUN ] sf_memsuite_grading::single_malloc_max
ERROR: Could not allocate new block.
[PASS] sf_memsuite_grading::single_malloc_max: (0.00s)
[RUN ] sf_memsuite_grading::single_malloc_more_than_one_page_needed
[PASS] sf_memsuite_grading::single_malloc_more_than_one_page_needed: (0.00s)
[RUN ] sf_memsuite_grading::single_malloc_three_pages_needed
[PASS] sf_memsuite_grading::single_malloc_three_pages_needed: (0.00s)
[RUN ] sf_memsuite_grading::stress_test
[PASS] sf_memsuite_grading::stress_test: (0.00s)
[====] Running 3 tests from sf_memsuite_stats:
[RUN ] sf_memsuite_stats::internal_fragmentation
[PASS] sf_memsuite_stats::internal_fragmentation: (0.00s)
[RUN ] sf_memsuite_stats::peak_utilization
[PASS] sf_memsuite_stats::peak_utilization: (0.00s)
[RUN ] sf_memsuite_stats::realloc_internal_fragmentation
[PASS] sf_memsuite_stats::realloc_internal_fragmentation: (0.00s)
[====] Running 9 tests from sfmm_basecode_suite:
[RUN ] sfmm_basecode_suite::free_coalesce
[PASS] sfmm_basecode_suite::free_coalesce: (0.00s)
[RUN ] sfmm_basecode_suite::free_no_coalesce
[PASS] sfmm_basecode_suite::free_no_coalesce: (0.00s)
[RUN ] sfmm_basecode_suite::freelist
[PASS] sfmm_basecode_suite::freelist: (0.00s)
[RUN ] sfmm_basecode_suite::malloc_an_int
[PASS] sfmm_basecode_suite::malloc_an_int: (0.00s)
[RUN ] sfmm_basecode_suite::malloc_four_pages
[PASS] sfmm_basecode_suite::malloc_four_pages: (0.00s)
[RUN ] sfmm_basecode_suite::malloc_too_large
ERROR: Could not allocate new block.
[PASS] sfmm_basecode_suite::malloc_too_large: (0.00s)
[RUN ] sfmm_basecode_suite::realloc_larger_block
[PASS] sfmm_basecode_suite::realloc_larger_block: (0.00s)
[RUN ] sfmm_basecode_suite::realloc_smaller_block_free_block
[PASS] sfmm_basecode_suite::realloc_smaller_block_free_block: (0.00s)
[RUN ] sfmm_basecode_suite::realloc_smaller_block_splinter
[PASS] sfmm_basecode_suite::realloc_smaller_block_splinter: (0.00s)
[----] Writing xml report in `crit.xml`.
[====] Synthesis: Tested: 39 | Passing: 39 | Failing: 0 | Crashing: 0 
